[debug] [2022-09-28T20:02:55.238Z] ----------------------------------------------------------------------
[debug] [2022-09-28T20:02:55.241Z] Command:       C:\Program Files\nodejs\node.exe C:\Users\Usuario\AppData\Roaming\npm\node_modules\firebase-tools\lib\bin\firebase.js init
[debug] [2022-09-28T20:02:55.242Z] CLI Version:   11.11.0
[debug] [2022-09-28T20:02:55.242Z] Platform:      win32
[debug] [2022-09-28T20:02:55.242Z] Node Version:  v16.17.0
[debug] [2022-09-28T20:02:55.243Z] Time:          Wed Sep 28 2022 17:02:55 GMT-0300 (hora estándar de Argentina)
[debug] [2022-09-28T20:02:55.244Z] ----------------------------------------------------------------------
[debug] 
[debug] [2022-09-28T20:02:55.256Z] > command requires scopes: ["email","openid","https://www.googleapis.com/auth/cloudplatformprojects.readonly","https://www.googleapis.com/auth/firebase","https://www.googleapis.com/auth/cloud-platform"]
[debug] [2022-09-28T20:02:55.256Z] > authorizing via signed-in user (ezef8137@gmail.com)
[info] 
     ######## #### ########  ######## ########     ###     ######  ########
     ##        ##  ##     ## ##       ##     ##  ##   ##  ##       ##
     ######    ##  ########  ######   ########  #########  ######  ######
     ##        ##  ##    ##  ##       ##     ## ##     ##       ## ##
     ##       #### ##     ## ######## ########  ##     ##  ######  ########

You're about to initialize a Firebase project in this directory:

  C:\Users\Usuario\Desktop\Angular\login-firebase\src

[info] 
=== Project Setup
[info] 
[info] First, let's associate this project directory with a Firebase project.
[info] You can create multiple project aliases by running firebase use --add, 
[info] but for now we'll just set up a default project.
[info] 
[debug] [2022-09-28T20:05:54.053Z] >>> [apiv2][query] GET https://firebase.googleapis.com/v1beta1/projects pageSize=100
[debug] [2022-09-28T20:06:05.357Z] Failed to make request to https://firebase.googleapis.com/v1beta1/projects?pageSize=100
[debug] [2022-09-28T20:06:05.366Z] FirebaseError: Failed to make request to https://firebase.googleapis.com/v1beta1/projects?pageSize=100
    at RetryOperation._fn (C:\Users\Usuario\AppData\Roaming\npm\node_modules\firebase-tools\lib\apiv2.js:242:31)
    at processTicksAndRejections (node:internal/process/task_queues:96:5)
[error] 
[error] Error: Failed to list Firebase projects. See firebase-debug.log for more info.
